


ARM Macro Assembler    Page 1 


    1 00000000         ;.global main
    2 00000000         
    3 00000000                 AREA             |.text|, CODE, READONLY, ALIGN=
2
    4 00000000         ;    INCLUDE msp432.h
    5 00000000                 THUMB
    6 00000000         
    7 00000000         __main                               ; Code entry
    8 00000000         
    9 00000000         _init                                ; Disable watchdog 
                                                            timer
   10 00000000         
   11 00000000         main                                 ; <Add your code he
                                                            re>
   12 00000000 F04F 0000       MOV              R0, #0
   13 00000004 F04F 0101       MOV              R1, #1
   14 00000008 F04F 0202       MOV              R2, #2
   15 0000000C F04F 0303       MOV              R3, #3
   16 00000010 F04F 0404       MOV              R4, #4
   17 00000014 F04F 0505       MOV              R5, #5
   18 00000018 F04F 0606       MOV              R6, #6
   19 0000001C F04F 0707       MOV              R7, #7
   20 00000020 F04F 0808       MOV              R8, #8
   21 00000024 F04F 0909       MOV              R9, #9
   22 00000028 F04F 0A0A       MOV              R10, #10
   23 0000002C F04F 0B0B       MOV              R11, #11
   24 00000030 F04F 0C0C       MOV              R12, #12
   25 00000034         
   26 00000034 F04F 5000       MOV              R0, #0x20000000
   27 00000038 6001            STR              R1, [R0]
   28 0000003A 6042            STR              R2, [R0,#4]
   29 0000003C 6083            STR              R3, [R0,#8]
   30 0000003E 60C4            STR              R4, [R0,#12]
   31 00000040         
   32 00000040 E7FE    stop    B                stop
   33 00000042 BF00            NOP
   34 00000044         
   35 00000044 46 6F 6F 
              00       str     DCB              "Foo",0
   36 00000048         
   37 00000048                 EXPORT           __main
   38 00000048                 EXPORT           main
   39 00000048                 END
Command Line: --debug --xref --diag_suppress=9931 --cpu=Cortex-M4.fp --apcs=int
erwork --depend=.\objects\template.d -o.\objects\template.o -I"C:\Users\jehecke
y\Box Sync\Backup\UCCS\Fall 2016\Labs\test\RTE" -IC:\Keil_v5\ARM\PACK\ARM\CMSIS
\4.5.0\CMSIS\Include -IC:\Keil_v5\ARM\PACK\TexasInstruments\MSP432P4xx_DFP\2.2.
0\Device\Include --predefine="__EVAL SETA 1" --predefine="__UVISION_VERSION SET
A 521" --predefine="_RTE_ SETA 1" --predefine="__MSP432P401R__ SETA 1" --list=.
\listings\template.lst template.s



ARM Macro Assembler    Page 1 Alphabetic symbol ordering
Relocatable symbols

.text 00000000

Symbol: .text
   Definitions
      At line 3 in file template.s
   Uses
      None
Comment: .text unused
__main 00000000

Symbol: __main
   Definitions
      At line 7 in file template.s
   Uses
      At line 37 in file template.s
Comment: __main used once
_init 00000000

Symbol: _init
   Definitions
      At line 9 in file template.s
   Uses
      None
Comment: _init unused
main 00000000

Symbol: main
   Definitions
      At line 11 in file template.s
   Uses
      At line 38 in file template.s
Comment: main used once
stop 00000040

Symbol: stop
   Definitions
      At line 32 in file template.s
   Uses
      At line 32 in file template.s
Comment: stop used once
str 00000044

Symbol: str
   Definitions
      At line 35 in file template.s
   Uses
      None
Comment: str unused
6 symbols
341 symbols in table
