


ARM Macro Assembler    Page 1 


    1 00000000         ; (c) 2016 - Jeff Heckey
    2 00000000         
    3 00000000 40004C00 
                       P1IN    EQU              0x40004C00  ; Port 1 Input
    4 00000000 40004C01 
                       P2IN    EQU              0x40004C01  ; Port 2 Input
    5 00000000 40004C03 
                       P2OUT   EQU              0x40004C03  ; Port 2 Output
    6 00000000 40004C02 
                       P1OUT   EQU              0x40004C02  ; Port 1 Output
    7 00000000 40004C04 
                       P1DIR   EQU              0x40004C04  ; Port 1 Direction
    8 00000000 40004C05 
                       P2DIR   EQU              0x40004C05  ; Port 2 Direction
    9 00000000 40004C06 
                       P1REN   EQU              0x40004C06  ; Port 1 Resistor E
                                                            nable
   10 00000000 40004C07 
                       P2REN   EQU              0x40004C07  ; Port 2 Resistor E
                                                            nable
   11 00000000 40004C08 
                       P1DS    EQU              0x40004C08  ; Port 1 Drive Stre
                                                            ngth
   12 00000000 40004C09 
                       P2DS    EQU              0x40004C09  ; Port 2 Drive Stre
                                                            ngth
   13 00000000 40004C0A 
                       P1SEL0  EQU              0x40004C0A  ; Port 1 Select 0
   14 00000000 40004C0B 
                       P2SEL0  EQU              0x40004C0B  ; Port 2 Select 0
   15 00000000 40004C0C 
                       P1SEL1  EQU              0x40004C0C  ; Port 1 Select 1
   16 00000000 40004C0D 
                       P2SEL1  EQU              0x40004C0D  ; Port 2 Select 1
   17 00000000 40004C16 
                       P1SELC  EQU              0x40004C16  ; Port 1 Complement
                                                             Select
   18 00000000 40004C17 
                       P2SELC  EQU              0x40004C17  ; Port 2 Complement
                                                             Select
   19 00000000 40004C18 
                       P1IES   EQU              0x40004C18  ; Port 1 Interrupt 
                                                            Edge Select
   20 00000000 40004C19 
                       P2IES   EQU              0x40004C19  ; Port 2 Interrupt 
                                                            Edge Select
   21 00000000 40004C1A 
                       P1IE    EQU              0x40004C1A  ; Port 1 Interrupt 
                                                            Enable
   22 00000000 40004C1B 
                       P2IE    EQU              0x40004C1B  ; Port 2 Interrupt 
                                                            Enable
   23 00000000 40004C1C 
                       P1IFG   EQU              0x40004C1C  ; Port 1 Interrupt 
                                                            Flag
   24 00000000 40004C1D 
                       P2IFG   EQU              0x40004C1D  ; Port 2 Interrupt 
                                                            Flag
   25 00000000         



ARM Macro Assembler    Page 2 


   26 00000000 E000E400 
                       NVIC_IPR0
                               EQU              0xE000E400  ; Irq 0 to 3 Priori
                                                            ty Register */
   27 00000000 E000E404 
                       NVIC_IPR1
                               EQU              0xE000E404  ; Irq 4 to 7 Priori
                                                            ty Register */
   28 00000000 E000E408 
                       NVIC_IPR2
                               EQU              0xE000E408  ; Irq 8 to 11 Prior
                                                            ity Register */
   29 00000000 E000E40C 
                       NVIC_IPR3
                               EQU              0xE000E40C  ; Irq 12 to 15 Prio
                                                            rity Register */
   30 00000000 E000E410 
                       NVIC_IPR4
                               EQU              0xE000E410  ; Irq 16 to 19 Prio
                                                            rity Register */
   31 00000000 E000E414 
                       NVIC_IPR5
                               EQU              0xE000E414  ; Irq 20 to 23 Prio
                                                            rity Register */
   32 00000000 E000E418 
                       NVIC_IPR6
                               EQU              0xE000E418  ; Irq 24 to 27 Prio
                                                            rity Register */
   33 00000000 E000E41C 
                       NVIC_IPR7
                               EQU              0xE000E41C  ; Irq 28 to 31 Prio
                                                            rity Register */
   34 00000000 E000E420 
                       NVIC_IPR8
                               EQU              0xE000E420  ; Irq 32 to 35 Prio
                                                            rity Register */
   35 00000000 E000E424 
                       NVIC_IPR9
                               EQU              0xE000E424  ; Irq 36 to 39 Prio
                                                            rity Register */
   36 00000000 E000E428 
                       NVIC_IPR10
                               EQU              0xE000E428  ; Irq 40 to 43 Prio
                                                            rity Register */
   37 00000000 E000E42C 
                       NVIC_IPR11
                               EQU              0xE000E42C  ; Irq 44 to 47 Prio
                                                            rity Register */
   38 00000000 E000E430 
                       NVIC_IPR12
                               EQU              0xE000E430  ; Irq 48 to 51 Prio
                                                            rity Register */
   39 00000000 E000E434 
                       NVIC_IPR13
                               EQU              0xE000E434  ; Irq 52 to 55 Prio
                                                            rity Register */
   40 00000000 E000E438 
                       NVIC_IPR14
                               EQU              0xE000E438  ; Irq 56 to 59 Prio



ARM Macro Assembler    Page 3 


                                                            rity Register */
   41 00000000 E000E43C 
                       NVIC_IPR15
                               EQU              0xE000E43C  ; Irq 60 to 63 Prio
                                                            rity Register */
   42 00000000         
   43 00000000         
   44 00000000 E000E100 
                       NVIC_ISER0
                               EQU              0xE000E100  ; Enable IRQ 31-0
   45 00000000 E000E104 
                       NVIC_ISER1
                               EQU              0xE000E104  ; Enable IRQ 47-32
   46 00000000         
   47 00000000 E000E180 
                       NVIC_ICER0
                               EQU              0xE000E180  ; Disable IRQ 31-0
   48 00000000 E000E184 
                       NVIC_ICER1
                               EQU              0xE000E184  ; Disable IRQ 47-32
                                                            
   49 00000000         
   50 00000000 00000200 
                       Stack_Size
                               EQU              0x00000200
   51 00000000         
   52 00000000                 AREA             STACK, NOINIT, READWRITE, ALIGN
=3
   53 00000000         Stack_Mem
                               SPACE            Stack_Size
   54 00000200         __initial_sp
   55 00000200         
   56 00000200         
   57 00000200         ; <h> Heap Configuration
   58 00000200         ;   <o>  Heap Size (in Bytes) <0x0-0xFFFFFFFF:8>
   59 00000200         ; </h>
   60 00000200         
   61 00000200 00000000 
                       Heap_Size
                               EQU              0x00000000
   62 00000200         
   63 00000200                 AREA             HEAP, NOINIT, READWRITE, ALIGN=
3
   64 00000000         __heap_base
   65 00000000         Heap_Mem
                               SPACE            Heap_Size
   66 00000000         __heap_limit
   67 00000000         
   68 00000000         
   69 00000000                 PRESERVE8
   70 00000000                 THUMB
   71 00000000         
   72 00000000         
   73 00000000         ; Vector Table Mapped to Address 0 at Reset
   74 00000000         
   75 00000000                 AREA             RESET, DATA, READONLY
   76 00000000                 EXPORT           __Vectors
   77 00000000                 EXPORT           __Vectors_End
   78 00000000                 EXPORT           __Vectors_Size



ARM Macro Assembler    Page 4 


   79 00000000         
   80 00000000 00000000 
                       __Vectors
                               DCD              __initial_sp ; Top of Stack
   81 00000004 00000000        DCD              main        ; Run main
   82 00000008 00000000        DCD              NMI_Handler ; NMI Handler
   83 0000000C 00000000        DCD              HardFault_Handler ; Hard Fault 
                                                            Handler
   84 00000010 00000000        DCD              MemManage_Handler 
                                                            ; MPU Fault Handler
                                                            
   85 00000014 00000000        DCD              BusFault_Handler 
                                                            ; Bus Fault Handler
                                                            
   86 00000018 00000000        DCD              UsageFault_Handler ; Usage Faul
                                                            t Handler
   87 0000001C 00000000        DCD              0           ; Reserved
   88 00000020 00000000        DCD              0           ; Reserved
   89 00000024 00000000        DCD              0           ; Reserved
   90 00000028 00000000        DCD              0           ; Reserved
   91 0000002C 00000000        DCD              SVC_Handler ; SVCall Handler
   92 00000030 00000000        DCD              DebugMon_Handler ; Debug Monito
                                                            r Handler
   93 00000034 00000000        DCD              0           ; Reserved
   94 00000038 00000000        DCD              PendSV_Handler ; PendSV Handler
                                                            
   95 0000003C 00000000        DCD              SysTick_Handler 
                                                            ; SysTick Handler
   96 00000040         
   97 00000040         ; External Interrupts
   98 00000040 00000000        DCD              PSS_IRQHandler ;  0:  PSS Inter
                                                            rupt
   99 00000044 00000000        DCD              CS_IRQHandler 
                                                            ;  1:  CS Interrupt
                                                            
  100 00000048 00000000        DCD              PCM_IRQHandler ;  2:  PCM Inter
                                                            rupt
  101 0000004C 00000000        DCD              WDT_A_IRQHandler ;  3:  WDT_A I
                                                            nterrupt
  102 00000050 00000000        DCD              FPU_IRQHandler ;  4:  FPU Inter
                                                            rupt
  103 00000054 00000000        DCD              FLCTL_IRQHandler ;  5:  FLCTL I
                                                            nterrupt
  104 00000058 00000000        DCD              COMP_E0_IRQHandler ;  6:  COMP_
                                                            E0 Interrupt
  105 0000005C 00000000        DCD              COMP_E1_IRQHandler ;  7:  COMP_
                                                            E1 Interrupt
  106 00000060 00000000        DCD              TA0_0_IRQHandler ;  8:  TA0_0 I
                                                            nterrupt
  107 00000064 00000000        DCD              TA0_N_IRQHandler ;  9:  TA0_N I
                                                            nterrupt
  108 00000068 00000000        DCD              TA1_0_IRQHandler ; 10:  TA1_0 I
                                                            nterrupt
  109 0000006C 00000000        DCD              TA1_N_IRQHandler ; 11:  TA1_N I
                                                            nterrupt
  110 00000070 00000000        DCD              TA2_0_IRQHandler ; 12:  TA2_0 I
                                                            nterrupt
  111 00000074 00000000        DCD              TA2_N_IRQHandler ; 13:  TA2_N I
                                                            nterrupt



ARM Macro Assembler    Page 5 


  112 00000078 00000000        DCD              TA3_0_IRQHandler ; 14:  TA3_0 I
                                                            nterrupt
  113 0000007C 00000000        DCD              TA3_N_IRQHandler ; 15:  TA3_N I
                                                            nterrupt
  114 00000080 00000000        DCD              EUSCIA0_IRQHandler ; 16:  EUSCI
                                                            A0 Interrupt
  115 00000084 00000000        DCD              EUSCIA1_IRQHandler ; 17:  EUSCI
                                                            A1 Interrupt
  116 00000088 00000000        DCD              EUSCIA2_IRQHandler ; 18:  EUSCI
                                                            A2 Interrupt
  117 0000008C 00000000        DCD              EUSCIA3_IRQHandler ; 19:  EUSCI
                                                            A3 Interrupt
  118 00000090 00000000        DCD              EUSCIB0_IRQHandler ; 20:  EUSCI
                                                            B0 Interrupt
  119 00000094 00000000        DCD              EUSCIB1_IRQHandler ; 21:  EUSCI
                                                            B1 Interrupt
  120 00000098 00000000        DCD              EUSCIB2_IRQHandler ; 22:  EUSCI
                                                            B2 Interrupt
  121 0000009C 00000000        DCD              EUSCIB3_IRQHandler ; 23:  EUSCI
                                                            B3 Interrupt
  122 000000A0 00000000        DCD              ADC14_IRQHandler ; 24:  ADC14 I
                                                            nterrupt
  123 000000A4 00000000        DCD              T32_INT1_IRQHandler ; 25:  T32_
                                                            INT1 Interrupt
  124 000000A8 00000000        DCD              T32_INT2_IRQHandler ; 26:  T32_
                                                            INT2 Interrupt
  125 000000AC 00000000        DCD              T32_INTC_IRQHandler ; 27:  T32_
                                                            INTC Interrupt
  126 000000B0 00000000        DCD              AES256_IRQHandler ; 28:  AES256
                                                             Interrupt
  127 000000B4 00000000        DCD              RTC_C_IRQHandler ; 29:  RTC_C I
                                                            nterrupt
  128 000000B8 00000000        DCD              DMA_ERR_IRQHandler ; 30:  DMA_E
                                                            RR Interrupt
  129 000000BC 00000000        DCD              DMA_INT3_IRQHandler ; 31:  DMA_
                                                            INT3 Interrupt
  130 000000C0 00000000        DCD              DMA_INT2_IRQHandler ; 32:  DMA_
                                                            INT2 Interrupt
  131 000000C4 00000000        DCD              DMA_INT1_IRQHandler ; 33:  DMA_
                                                            INT1 Interrupt
  132 000000C8 00000000        DCD              DMA_INT0_IRQHandler ; 34:  DMA_
                                                            INT0 Interrupt
  133 000000CC 00000000        DCD              PORT1_IRQHandler ; 35:  PORT1 I
                                                            nterrupt
  134 000000D0 00000000        DCD              PORT2_IRQHandler ; 36:  PORT2 I
                                                            nterrupt
  135 000000D4 00000000        DCD              PORT3_IRQHandler ; 37:  PORT3 I
                                                            nterrupt
  136 000000D8 00000000        DCD              PORT4_IRQHandler ; 38:  PORT4 I
                                                            nterrupt
  137 000000DC 00000000        DCD              PORT5_IRQHandler ; 39:  PORT5 I
                                                            nterrupt
  138 000000E0 00000000        DCD              PORT6_IRQHandler ; 40:  PORT6 I
                                                            nterrupt
  139 000000E4 00000000        DCD              0           ; 41:  Reserved
  140 000000E8 00000000        DCD              0           ; 42:  Reserved
  141 000000EC 00000000        DCD              0           ; 43:  Reserved
  142 000000F0 00000000        DCD              0           ; 44:  Reserved
  143 000000F4 00000000        DCD              0           ; 45:  Reserved



ARM Macro Assembler    Page 6 


  144 000000F8 00000000        DCD              0           ; 46:  Reserved
  145 000000FC 00000000        DCD              0           ; 47:  Reserved
  146 00000100 00000000        DCD              0           ; 48:  Reserved
  147 00000104 00000000        DCD              0           ; 49:  Reserved
  148 00000108 00000000        DCD              0           ; 50:  Reserved
  149 0000010C 00000000        DCD              0           ; 51:  Reserved
  150 00000110 00000000        DCD              0           ; 52:  Reserved
  151 00000114 00000000        DCD              0           ; 53:  Reserved
  152 00000118 00000000        DCD              0           ; 54:  Reserved
  153 0000011C 00000000        DCD              0           ; 55:  Reserved
  154 00000120 00000000        DCD              0           ; 56:  Reserved
  155 00000124 00000000        DCD              0           ; 57:  Reserved
  156 00000128 00000000        DCD              0           ; 58:  Reserved
  157 0000012C 00000000        DCD              0           ; 59:  Reserved
  158 00000130 00000000        DCD              0           ; 60:  Reserved
  159 00000134 00000000        DCD              0           ; 61:  Reserved
  160 00000138 00000000        DCD              0           ; 62:  Reserved
  161 0000013C 00000000        DCD              0           ; 63:  Reserved
  162 00000140 00000000        DCD              0           ; 64:  Reserved
  163 00000144         __Vectors_End
  164 00000144         
  165 00000144 00000144 
                       __Vectors_Size
                               EQU              __Vectors_End - __Vectors
  166 00000144         
  167 00000144                 AREA             |.text|, CODE, READONLY
  168 00000000         
  169 00000000         ; Dummy Exception Handlers (infinite loops which can be 
                       modified)
  170 00000000         
  171 00000000         NMI_Handler
                               PROC
  172 00000000                 EXPORT           NMI_Handler               [WEAK
]
  173 00000000 E7FE            B                .
  174 00000002                 ENDP
  176 00000002         HardFault_Handler
                               PROC
  177 00000002                 EXPORT           HardFault_Handler         [WEAK
]
  178 00000002 E7FE            B                .
  179 00000004                 ENDP
  181 00000004         MemManage_Handler
                               PROC
  182 00000004                 EXPORT           MemManage_Handler         [WEAK
]
  183 00000004 E7FE            B                .
  184 00000006                 ENDP
  186 00000006         BusFault_Handler
                               PROC
  187 00000006                 EXPORT           BusFault_Handler          [WEAK
]
  188 00000006 E7FE            B                .
  189 00000008                 ENDP
  191 00000008         UsageFault_Handler
                               PROC
  192 00000008                 EXPORT           UsageFault_Handler        [WEAK
]
  193 00000008 E7FE            B                .



ARM Macro Assembler    Page 7 


  194 0000000A                 ENDP
  195 0000000A         SVC_Handler
                               PROC
  196 0000000A                 EXPORT           SVC_Handler               [WEAK
]
  197 0000000A E7FE            B                .
  198 0000000C                 ENDP
  200 0000000C         DebugMon_Handler
                               PROC
  201 0000000C                 EXPORT           DebugMon_Handler          [WEAK
]
  202 0000000C E7FE            B                .
  203 0000000E                 ENDP
  204 0000000E         PendSV_Handler
                               PROC
  205 0000000E                 EXPORT           PendSV_Handler            [WEAK
]
  206 0000000E E7FE            B                .
  207 00000010                 ENDP
  208 00000010         SysTick_Handler
                               PROC
  209 00000010                 EXPORT           SysTick_Handler           [WEAK
]
  210 00000010 E7FE            B                .
  211 00000012                 ENDP
  212 00000012         
  213 00000012         Default_Handler
                               PROC
  214 00000012                 EXPORT           PSS_IRQHandler            [WEAK
]
  215 00000012                 EXPORT           CS_IRQHandler             [WEAK
]
  216 00000012                 EXPORT           PCM_IRQHandler            [WEAK
]
  217 00000012                 EXPORT           WDT_A_IRQHandler          [WEAK
]
  218 00000012                 EXPORT           FPU_IRQHandler            [WEAK
]
  219 00000012                 EXPORT           FLCTL_IRQHandler          [WEAK
]
  220 00000012                 EXPORT           COMP_E0_IRQHandler        [WEAK
]
  221 00000012                 EXPORT           COMP_E1_IRQHandler        [WEAK
]
  222 00000012                 EXPORT           TA0_0_IRQHandler          [WEAK
]
  223 00000012                 EXPORT           TA0_N_IRQHandler          [WEAK
]
  224 00000012                 EXPORT           TA1_0_IRQHandler          [WEAK
]
  225 00000012                 EXPORT           TA1_N_IRQHandler          [WEAK
]
  226 00000012                 EXPORT           TA2_0_IRQHandler          [WEAK
]
  227 00000012                 EXPORT           TA2_N_IRQHandler          [WEAK
]
  228 00000012                 EXPORT           TA3_0_IRQHandler          [WEAK
]
  229 00000012                 EXPORT           TA3_N_IRQHandler          [WEAK



ARM Macro Assembler    Page 8 


]
  230 00000012                 EXPORT           EUSCIA0_IRQHandler        [WEAK
]
  231 00000012                 EXPORT           EUSCIA1_IRQHandler        [WEAK
]
  232 00000012                 EXPORT           EUSCIA2_IRQHandler        [WEAK
]
  233 00000012                 EXPORT           EUSCIA3_IRQHandler        [WEAK
]
  234 00000012                 EXPORT           EUSCIB0_IRQHandler        [WEAK
]
  235 00000012                 EXPORT           EUSCIB1_IRQHandler        [WEAK
]
  236 00000012                 EXPORT           EUSCIB2_IRQHandler        [WEAK
]
  237 00000012                 EXPORT           EUSCIB3_IRQHandler        [WEAK
]
  238 00000012                 EXPORT           ADC14_IRQHandler          [WEAK
]
  239 00000012                 EXPORT           T32_INT1_IRQHandler       [WEAK
]
  240 00000012                 EXPORT           T32_INT2_IRQHandler       [WEAK
]
  241 00000012                 EXPORT           T32_INTC_IRQHandler       [WEAK
]
  242 00000012                 EXPORT           AES256_IRQHandler         [WEAK
]
  243 00000012                 EXPORT           RTC_C_IRQHandler          [WEAK
]
  244 00000012                 EXPORT           DMA_ERR_IRQHandler        [WEAK
]
  245 00000012                 EXPORT           DMA_INT3_IRQHandler       [WEAK
]
  246 00000012                 EXPORT           DMA_INT2_IRQHandler       [WEAK
]
  247 00000012                 EXPORT           DMA_INT1_IRQHandler       [WEAK
]
  248 00000012                 EXPORT           DMA_INT0_IRQHandler       [WEAK
]
  249 00000012                 EXPORT           PORT1_IRQHandler          [WEAK
]
  250 00000012                 EXPORT           PORT2_IRQHandler          [WEAK
]
  251 00000012                 EXPORT           PORT3_IRQHandler          [WEAK
]
  252 00000012                 EXPORT           PORT4_IRQHandler          [WEAK
]
  253 00000012                 EXPORT           PORT5_IRQHandler          [WEAK
]
  254 00000012                 EXPORT           PORT6_IRQHandler          [WEAK
]
  255 00000012         
  256 00000012         
  257 00000012         ;;;;;;;;;;;;;;;;;;;;;;;;;;;;;;;;;;;;;;;;;;;;;;;;;;;;;;;;
                       ;;
  258 00000012         ; Port 1 ISR
  259 00000012         ;;;;;;;;;;;;;;;;;;;;;;;;;;;;;;;;;;;;;;;;;;;;;;;;;;;;;;;;
                       ;;
  260 00000012                 EXPORT           PORT1_IRQHandler



ARM Macro Assembler    Page 9 


  261 00000012         PORT1_IRQHandler
  262 00000012         
  263 00000012         ; Test P1.1 and P1.4 flags
  264 00000012 490C            LDR              R1, =P1IFG
  265 00000014 4A0C            LDR              R2, =P2OUT
  266 00000016         
  267 00000016 7808            LDRB             R0, [R1]
  268 00000018         ; Mask off bits I'm not interested in.
  269 00000018 F000 0012       AND              R0, #0x12
  270 0000001C         ; Possible values in R0 are now 0x10, 0x02, or 0x12
  271 0000001C 2802            CMP              R0, #0x02
  272 0000001E D002            BEQ              LedsOn
  273 00000020 2810            CMP              R0, #0x10
  274 00000022 D005            BEQ              LedsOff
  275 00000024         ; Both switches pressed at same time
  276 00000024 E008            B                Rj          ; do nothing
  277 00000026         LedsOn
  278 00000026 7810            LDRB             R0, [R2]
  279 00000028 F040 0007       ORR              R0, #0x7    ; active-high LEDs
  280 0000002C 7010            STRB             R0, [R2]
  281 0000002E E003            B                Rj
  282 00000030         LedsOff
  283 00000030 7810            LDRB             R0, [R2]
  284 00000032 F020 0007       BIC              R0, #0x7    ; active-high LEDs
  285 00000036 7010            STRB             R0, [R2]
  286 00000038         Rj
  287 00000038         ; Clear P1.1 and P1.4 flags
  288 00000038 F04F 0000       MOV              R0, #0
  289 0000003C 7008            STRB             R0, [R1]
  290 0000003E         
  291 0000003E         ; Leave ISR
  292 0000003E 4770            BX               LR
  293 00000040         
  294 00000040                 ALIGN                        ; make sure the end
                                                             of this section is
                                                             aligned
  295 00000040         
  296 00000040         PSS_IRQHandler
  297 00000040         CS_IRQHandler
  298 00000040         PCM_IRQHandler
  299 00000040         WDT_A_IRQHandler
  300 00000040         FPU_IRQHandler
  301 00000040         FLCTL_IRQHandler
  302 00000040         COMP_E0_IRQHandler
  303 00000040         COMP_E1_IRQHandler
  304 00000040         TA0_0_IRQHandler
  305 00000040         TA0_N_IRQHandler
  306 00000040         TA1_0_IRQHandler
  307 00000040         TA1_N_IRQHandler
  308 00000040         TA2_0_IRQHandler
  309 00000040         TA2_N_IRQHandler
  310 00000040         TA3_0_IRQHandler
  311 00000040         TA3_N_IRQHandler
  312 00000040         EUSCIA0_IRQHandler
  313 00000040         EUSCIA1_IRQHandler
  314 00000040         EUSCIA2_IRQHandler
  315 00000040         EUSCIA3_IRQHandler
  316 00000040         EUSCIB0_IRQHandler
  317 00000040         EUSCIB1_IRQHandler



ARM Macro Assembler    Page 10 


  318 00000040         EUSCIB2_IRQHandler
  319 00000040         EUSCIB3_IRQHandler
  320 00000040         ADC14_IRQHandler
  321 00000040         T32_INT1_IRQHandler
  322 00000040         T32_INT2_IRQHandler
  323 00000040         T32_INTC_IRQHandler
  324 00000040         AES256_IRQHandler
  325 00000040         RTC_C_IRQHandler
  326 00000040         DMA_ERR_IRQHandler
  327 00000040         DMA_INT3_IRQHandler
  328 00000040         DMA_INT2_IRQHandler
  329 00000040         DMA_INT1_IRQHandler
  330 00000040         DMA_INT0_IRQHandler
  331 00000040         ;PORT1_IRQHandler
  332 00000040         PORT2_IRQHandler
  333 00000040         PORT3_IRQHandler
  334 00000040         PORT4_IRQHandler
  335 00000040         PORT5_IRQHandler
  336 00000040         PORT6_IRQHandler
  337 00000040 E7FE            B                .
  338 00000042                 ENDP
  339 00000042         
  340 00000042 00 00           ALIGN
  341 00000044         
  342 00000044         ;
  343 00000044         ; Declare global variables here...
  344 00000044         ;
  345 00000044 40004C1C 
              40004C03         AREA             DATA, ALIGN=2
  346 00000000         
  347 00000000         ;
  348 00000000         ; This is the read-only code section...
  349 00000000         ;
  350 00000000                 AREA             |.text|, CODE, READONLY, ALIGN=
2
  351 0000004C                 THUMB
  352 0000004C         
  353 0000004C         GPIO_Init_Switches
  354 0000004C         ; Initialize P1.1 and P1.4 as GPIO inputs
  355 0000004C         
  356 0000004C         ; (defaults are OK)
  357 0000004C         ;LDR  R1, =P1SEL0               
  358 0000004C         ;LDRB R0, [R1]                 
  359 0000004C         ;BIC  R0, R0, #0x12 
  360 0000004C         ;STRB R0, [R1]      
  361 0000004C         
  362 0000004C         ; (defaults are OK)
  363 0000004C         ;LDR  R1, =P1SEL1              
  364 0000004C         ;LDRB R0, [R1]                 
  365 0000004C         ;BIC  R0, R0, #0x12 
  366 0000004C         ;STRB R0, [R1]
  367 0000004C         
  368 0000004C 4917            LDR              R1, =P1DIR
  369 0000004E 7808            LDRB             R0, [R1]
  370 00000050 F020 0012       BIC              R0, R0, #0x12
  371 00000054 7008            STRB             R0, [R1]
  372 00000056         
  373 00000056         ;
  374 00000056         ; One side of the switch is grounded and the switch is



ARM Macro Assembler    Page 11 


  375 00000056         ; normally open.  When pressed, the input goes low.  Whe
                       n
  376 00000056         ; not pressed, there must be a pull-up resistor involved
                       .
  377 00000056         ;
  378 00000056         ; Enable internal pull-up resister because P1.1 or P1.4
  379 00000056         ; may not have an externally-interfaced pull-up resistor
                       .
  380 00000056         ;
  381 00000056         
  382 00000056         ; Turn on internal resistor
  383 00000056 4916            LDR              R1, =P1REN
  384 00000058 7808            LDRB             R0, [R1]
  385 0000005A F040 0012       ORR              R0, R0, #0x12
  386 0000005E 7008            STRB             R0, [R1]
  387 00000060         
  388 00000060         ; Select a pull-up resistor
  389 00000060 4914            LDR              R1, =P1OUT
  390 00000062 7808            LDRB             R0, [R1]
  391 00000064 F040 0012       ORR              R0, R0, #0x12
  392 00000068 7008            STRB             R0, [R1]
  393 0000006A         
  394 0000006A         ; Change P1IES for rising or falling edge-triggered
  395 0000006A         ; interrupts (make falling edge)
  396 0000006A 4913            LDR              R1, =P1IES
  397 0000006C 7808            LDRB             R0, [R1]
  398 0000006E F040 0012       ORR              R0, R0, #0x12
  399 00000072 7008            STRB             R0, [R1]
  400 00000074         
  401 00000074         ; Allow P1.1 and P1.4 to generate interrupts
  402 00000074 4911            LDR              R1, =P1IE
  403 00000076 7808            LDRB             R0, [R1]
  404 00000078 F040 0012       ORR              R0, R0, #0x12
  405 0000007C 7008            STRB             R0, [R1]
  406 0000007E         
  407 0000007E         ; Set priority to 2 (defaults are OK)
  408 0000007E         ;LDR  R1, =NVIC_IPR8
  409 0000007E         ;LDR  R0, [R1]                
  410 0000007E         ;BIC  R0, R0, #0xFF000000
  411 0000007E         ;ORR  R0, R0, #0x40000000
  412 0000007E         ;STR  R0, [R1]      
  413 0000007E         
  414 0000007E         ; Set bit 3 in NVIC_ISER1 register to allow the NVIC to 
                       pass the
  415 0000007E         ; interrupt onto the CPU.
  416 0000007E 4910            LDR              R1, =NVIC_ISER1
  417 00000080 F04F 0008       MOV              R0, #0x8
  418 00000084 6008            STR              R0, [R1]
  419 00000086         
  420 00000086 4770            BX               LR
  421 00000088                 ALIGN
  422 00000088         
  423 00000088         GPIO_Init_LEDs
  424 00000088         ; initialize P2.2-P2.0 as GPIO outputs
  425 00000088         
  426 00000088         ; (defaults are OK)
  427 00000088         ;LDR  R1, =P2SEL0               
  428 00000088         ;LDRB R0, [R1]                 
  429 00000088         ;BIC  R0, R0, #0x07



ARM Macro Assembler    Page 12 


  430 00000088         ;STRB R0, [R1]                 
  431 00000088         
  432 00000088         ; (defaults are OK)
  433 00000088         ;LDR  R1, =P2SEL1              
  434 00000088         ;LDRB R0, [R1]                 
  435 00000088         ;BIC  R0, R0, #0x07 
  436 00000088         ;STRB R0, [R1]
  437 00000088         
  438 00000088 490E            LDR              R1, =P2DIR
  439 0000008A 7808            LDRB             R0, [R1]
  440 0000008C F040 0007       ORR              R0, R0, #0x07
  441 00000090 7008            STRB             R0, [R1]
  442 00000092         
  443 00000092 4770            BX               LR
  444 00000094                 ALIGN
  445 00000094         
  446 00000094         ;;;;;;;;;;;;;;;;;;;;;;;;;;;;;;;;;;;;;;;;;;;;;;;;;;;;;;;;
                       ;;
  447 00000094         ; Main entry point
  448 00000094         ;;;;;;;;;;;;;;;;;;;;;;;;;;;;;;;;;;;;;;;;;;;;;;;;;;;;;;;;
                       ;;
  449 00000094                 EXPORT           Reset_Handler
  450 00000094                 EXPORT           main
  451 00000094         Reset_Handler
  452 00000094         main
  453 00000094         
  454 00000094 B672            CPSID            I           ; disable interrupt
                                                            s during init
  455 00000096         
  456 00000096         ; Switches on P1.1 and P1.4
  457 00000096         ; LEDs on P1.0 (red), P2.2-0 (red, green, blue).
  458 00000096         
  459 00000096         ; Configure switches
  460 00000096 F7FF FFD9       BL               GPIO_Init_Switches
  461 0000009A         
  462 0000009A         ; Configure LEDs
  463 0000009A F7FF FFF5       BL               GPIO_Init_LEDs
  464 0000009E         
  465 0000009E         ; Test:  Turn all LEDs on
  466 0000009E 490A            LDR              R1,=P2OUT
  467 000000A0 F04F 0007       MOV              R0, #0x7
  468 000000A4 7008            STRB             R0, [R1]
  469 000000A6         
  470 000000A6         ; Test:  Turn all LEDs off
  471 000000A6         ;LDR  R1,=P2OUT
  472 000000A6         ;MOV  R0, #0x0
  473 000000A6         ;STRB R0, [R1]
  474 000000A6         
  475 000000A6         ; Adjust CPU PRIMASK register (clear bit 0) to allow the
                        interrupt
  476 000000A6         ; into the CPU.
  477 000000A6 B662            CPSIE            I           ; set I=0
  478 000000A8         
  479 000000A8         ; Nothing more to do.  Loop indefinitely, or go to sleep
                       .
  480 000000A8 BF30    D       WFI                          ; sleep while waiti
                                                            ng on interrupt
  481 000000AA E7FD            B                D
  482 000000AC                 ALIGN



ARM Macro Assembler    Page 13 


  483 000000AC         
  484 000000AC                 END                          ; end of file
              40004C04 
              40004C06 
              40004C02 
              40004C18 
              40004C1A 
              E000E104 
              40004C05 
              40004C03 
Command Line: --debug --xref --diag_suppress=9931 --cpu=Cortex-M4.fp --apcs=int
erwork --depend=.\objects\interrupts.d -o.\objects\interrupts.o -I"C:\Users\jeh
eckey\Box Sync\Backup\UCCS\Fall 2016\Interrupts\RTE" -IC:\Keil_v5\ARM\PACK\Texa
sInstruments\MSP432P4xx_DFP\2.2.0\Device\Include -IC:\Keil_v5\ARM\CMSIS\Include
 --predefine="__EVAL SETA 1" --predefine="__UVISION_VERSION SETA 521" --predefi
ne="__MSP432P401R__ SETA 1" --list=.\listings\interrupts.lst Interrupts.s



ARM Macro Assembler    Page 1 Alphabetic symbol ordering
Relocatable symbols

STACK 00000000

Symbol: STACK
   Definitions
      At line 52 in file Interrupts.s
   Uses
      None
Comment: STACK unused
Stack_Mem 00000000

Symbol: Stack_Mem
   Definitions
      At line 53 in file Interrupts.s
   Uses
      None
Comment: Stack_Mem unused
__initial_sp 00000200

Symbol: __initial_sp
   Definitions
      At line 54 in file Interrupts.s
   Uses
      At line 80 in file Interrupts.s
Comment: __initial_sp used once
3 symbols



ARM Macro Assembler    Page 1 Alphabetic symbol ordering
Relocatable symbols

HEAP 00000000

Symbol: HEAP
   Definitions
      At line 63 in file Interrupts.s
   Uses
      None
Comment: HEAP unused
Heap_Mem 00000000

Symbol: Heap_Mem
   Definitions
      At line 65 in file Interrupts.s
   Uses
      None
Comment: Heap_Mem unused
__heap_base 00000000

Symbol: __heap_base
   Definitions
      At line 64 in file Interrupts.s
   Uses
      None
Comment: __heap_base unused
__heap_limit 00000000

Symbol: __heap_limit
   Definitions
      At line 66 in file Interrupts.s
   Uses
      None
Comment: __heap_limit unused
4 symbols



ARM Macro Assembler    Page 1 Alphabetic symbol ordering
Relocatable symbols

RESET 00000000

Symbol: RESET
   Definitions
      At line 75 in file Interrupts.s
   Uses
      None
Comment: RESET unused
__Vectors 00000000

Symbol: __Vectors
   Definitions
      At line 80 in file Interrupts.s
   Uses
      At line 76 in file Interrupts.s
      At line 165 in file Interrupts.s

__Vectors_End 00000144

Symbol: __Vectors_End
   Definitions
      At line 163 in file Interrupts.s
   Uses
      At line 77 in file Interrupts.s
      At line 165 in file Interrupts.s

3 symbols



ARM Macro Assembler    Page 1 Alphabetic symbol ordering
Relocatable symbols

.text 00000000

Symbol: .text
   Definitions
      At line 167 in file Interrupts.s
   Uses
      None
Comment: .text unused
ADC14_IRQHandler 00000040

Symbol: ADC14_IRQHandler
   Definitions
      At line 320 in file Interrupts.s
   Uses
      At line 122 in file Interrupts.s
      At line 238 in file Interrupts.s

AES256_IRQHandler 00000040

Symbol: AES256_IRQHandler
   Definitions
      At line 324 in file Interrupts.s
   Uses
      At line 126 in file Interrupts.s
      At line 242 in file Interrupts.s

BusFault_Handler 00000006

Symbol: BusFault_Handler
   Definitions
      At line 186 in file Interrupts.s
   Uses
      At line 85 in file Interrupts.s
      At line 187 in file Interrupts.s

COMP_E0_IRQHandler 00000040

Symbol: COMP_E0_IRQHandler
   Definitions
      At line 302 in file Interrupts.s
   Uses
      At line 104 in file Interrupts.s
      At line 220 in file Interrupts.s

COMP_E1_IRQHandler 00000040

Symbol: COMP_E1_IRQHandler
   Definitions
      At line 303 in file Interrupts.s
   Uses
      At line 105 in file Interrupts.s
      At line 221 in file Interrupts.s

CS_IRQHandler 00000040

Symbol: CS_IRQHandler
   Definitions
      At line 297 in file Interrupts.s
   Uses



ARM Macro Assembler    Page 2 Alphabetic symbol ordering
Relocatable symbols

      At line 99 in file Interrupts.s
      At line 215 in file Interrupts.s

D 000000A8

Symbol: D
   Definitions
      At line 480 in file Interrupts.s
   Uses
      At line 481 in file Interrupts.s
Comment: D used once
DMA_ERR_IRQHandler 00000040

Symbol: DMA_ERR_IRQHandler
   Definitions
      At line 326 in file Interrupts.s
   Uses
      At line 128 in file Interrupts.s
      At line 244 in file Interrupts.s

DMA_INT0_IRQHandler 00000040

Symbol: DMA_INT0_IRQHandler
   Definitions
      At line 330 in file Interrupts.s
   Uses
      At line 132 in file Interrupts.s
      At line 248 in file Interrupts.s

DMA_INT1_IRQHandler 00000040

Symbol: DMA_INT1_IRQHandler
   Definitions
      At line 329 in file Interrupts.s
   Uses
      At line 131 in file Interrupts.s
      At line 247 in file Interrupts.s

DMA_INT2_IRQHandler 00000040

Symbol: DMA_INT2_IRQHandler
   Definitions
      At line 328 in file Interrupts.s
   Uses
      At line 130 in file Interrupts.s
      At line 246 in file Interrupts.s

DMA_INT3_IRQHandler 00000040

Symbol: DMA_INT3_IRQHandler
   Definitions
      At line 327 in file Interrupts.s
   Uses
      At line 129 in file Interrupts.s
      At line 245 in file Interrupts.s

DebugMon_Handler 0000000C

Symbol: DebugMon_Handler



ARM Macro Assembler    Page 3 Alphabetic symbol ordering
Relocatable symbols

   Definitions
      At line 200 in file Interrupts.s
   Uses
      At line 92 in file Interrupts.s
      At line 201 in file Interrupts.s

Default_Handler 00000012

Symbol: Default_Handler
   Definitions
      At line 213 in file Interrupts.s
   Uses
      None
Comment: Default_Handler unused
EUSCIA0_IRQHandler 00000040

Symbol: EUSCIA0_IRQHandler
   Definitions
      At line 312 in file Interrupts.s
   Uses
      At line 114 in file Interrupts.s
      At line 230 in file Interrupts.s

EUSCIA1_IRQHandler 00000040

Symbol: EUSCIA1_IRQHandler
   Definitions
      At line 313 in file Interrupts.s
   Uses
      At line 115 in file Interrupts.s
      At line 231 in file Interrupts.s

EUSCIA2_IRQHandler 00000040

Symbol: EUSCIA2_IRQHandler
   Definitions
      At line 314 in file Interrupts.s
   Uses
      At line 116 in file Interrupts.s
      At line 232 in file Interrupts.s

EUSCIA3_IRQHandler 00000040

Symbol: EUSCIA3_IRQHandler
   Definitions
      At line 315 in file Interrupts.s
   Uses
      At line 117 in file Interrupts.s
      At line 233 in file Interrupts.s

EUSCIB0_IRQHandler 00000040

Symbol: EUSCIB0_IRQHandler
   Definitions
      At line 316 in file Interrupts.s
   Uses
      At line 118 in file Interrupts.s
      At line 234 in file Interrupts.s




ARM Macro Assembler    Page 4 Alphabetic symbol ordering
Relocatable symbols

EUSCIB1_IRQHandler 00000040

Symbol: EUSCIB1_IRQHandler
   Definitions
      At line 317 in file Interrupts.s
   Uses
      At line 119 in file Interrupts.s
      At line 235 in file Interrupts.s

EUSCIB2_IRQHandler 00000040

Symbol: EUSCIB2_IRQHandler
   Definitions
      At line 318 in file Interrupts.s
   Uses
      At line 120 in file Interrupts.s
      At line 236 in file Interrupts.s

EUSCIB3_IRQHandler 00000040

Symbol: EUSCIB3_IRQHandler
   Definitions
      At line 319 in file Interrupts.s
   Uses
      At line 121 in file Interrupts.s
      At line 237 in file Interrupts.s

FLCTL_IRQHandler 00000040

Symbol: FLCTL_IRQHandler
   Definitions
      At line 301 in file Interrupts.s
   Uses
      At line 103 in file Interrupts.s
      At line 219 in file Interrupts.s

FPU_IRQHandler 00000040

Symbol: FPU_IRQHandler
   Definitions
      At line 300 in file Interrupts.s
   Uses
      At line 102 in file Interrupts.s
      At line 218 in file Interrupts.s

GPIO_Init_LEDs 00000088

Symbol: GPIO_Init_LEDs
   Definitions
      At line 423 in file Interrupts.s
   Uses
      At line 463 in file Interrupts.s
Comment: GPIO_Init_LEDs used once
GPIO_Init_Switches 0000004C

Symbol: GPIO_Init_Switches
   Definitions
      At line 353 in file Interrupts.s
   Uses



ARM Macro Assembler    Page 5 Alphabetic symbol ordering
Relocatable symbols

      At line 460 in file Interrupts.s
Comment: GPIO_Init_Switches used once
HardFault_Handler 00000002

Symbol: HardFault_Handler
   Definitions
      At line 176 in file Interrupts.s
   Uses
      At line 83 in file Interrupts.s
      At line 177 in file Interrupts.s

LedsOff 00000030

Symbol: LedsOff
   Definitions
      At line 282 in file Interrupts.s
   Uses
      At line 274 in file Interrupts.s
Comment: LedsOff used once
LedsOn 00000026

Symbol: LedsOn
   Definitions
      At line 277 in file Interrupts.s
   Uses
      At line 272 in file Interrupts.s
Comment: LedsOn used once
MemManage_Handler 00000004

Symbol: MemManage_Handler
   Definitions
      At line 181 in file Interrupts.s
   Uses
      At line 84 in file Interrupts.s
      At line 182 in file Interrupts.s

NMI_Handler 00000000

Symbol: NMI_Handler
   Definitions
      At line 171 in file Interrupts.s
   Uses
      At line 82 in file Interrupts.s
      At line 172 in file Interrupts.s

PCM_IRQHandler 00000040

Symbol: PCM_IRQHandler
   Definitions
      At line 298 in file Interrupts.s
   Uses
      At line 100 in file Interrupts.s
      At line 216 in file Interrupts.s

PORT1_IRQHandler 00000012

Symbol: PORT1_IRQHandler
   Definitions
      At line 261 in file Interrupts.s



ARM Macro Assembler    Page 6 Alphabetic symbol ordering
Relocatable symbols

   Uses
      At line 133 in file Interrupts.s
      At line 249 in file Interrupts.s
      At line 260 in file Interrupts.s

PORT2_IRQHandler 00000040

Symbol: PORT2_IRQHandler
   Definitions
      At line 332 in file Interrupts.s
   Uses
      At line 134 in file Interrupts.s
      At line 250 in file Interrupts.s

PORT3_IRQHandler 00000040

Symbol: PORT3_IRQHandler
   Definitions
      At line 333 in file Interrupts.s
   Uses
      At line 135 in file Interrupts.s
      At line 251 in file Interrupts.s

PORT4_IRQHandler 00000040

Symbol: PORT4_IRQHandler
   Definitions
      At line 334 in file Interrupts.s
   Uses
      At line 136 in file Interrupts.s
      At line 252 in file Interrupts.s

PORT5_IRQHandler 00000040

Symbol: PORT5_IRQHandler
   Definitions
      At line 335 in file Interrupts.s
   Uses
      At line 137 in file Interrupts.s
      At line 253 in file Interrupts.s

PORT6_IRQHandler 00000040

Symbol: PORT6_IRQHandler
   Definitions
      At line 336 in file Interrupts.s
   Uses
      At line 138 in file Interrupts.s
      At line 254 in file Interrupts.s

PSS_IRQHandler 00000040

Symbol: PSS_IRQHandler
   Definitions
      At line 296 in file Interrupts.s
   Uses
      At line 98 in file Interrupts.s
      At line 214 in file Interrupts.s




ARM Macro Assembler    Page 7 Alphabetic symbol ordering
Relocatable symbols

PendSV_Handler 0000000E

Symbol: PendSV_Handler
   Definitions
      At line 204 in file Interrupts.s
   Uses
      At line 94 in file Interrupts.s
      At line 205 in file Interrupts.s

RTC_C_IRQHandler 00000040

Symbol: RTC_C_IRQHandler
   Definitions
      At line 325 in file Interrupts.s
   Uses
      At line 127 in file Interrupts.s
      At line 243 in file Interrupts.s

Reset_Handler 00000094

Symbol: Reset_Handler
   Definitions
      At line 451 in file Interrupts.s
   Uses
      At line 449 in file Interrupts.s
Comment: Reset_Handler used once
Rj 00000038

Symbol: Rj
   Definitions
      At line 286 in file Interrupts.s
   Uses
      At line 276 in file Interrupts.s
      At line 281 in file Interrupts.s

SVC_Handler 0000000A

Symbol: SVC_Handler
   Definitions
      At line 195 in file Interrupts.s
   Uses
      At line 91 in file Interrupts.s
      At line 196 in file Interrupts.s

SysTick_Handler 00000010

Symbol: SysTick_Handler
   Definitions
      At line 208 in file Interrupts.s
   Uses
      At line 95 in file Interrupts.s
      At line 209 in file Interrupts.s

T32_INT1_IRQHandler 00000040

Symbol: T32_INT1_IRQHandler
   Definitions
      At line 321 in file Interrupts.s
   Uses



ARM Macro Assembler    Page 8 Alphabetic symbol ordering
Relocatable symbols

      At line 123 in file Interrupts.s
      At line 239 in file Interrupts.s

T32_INT2_IRQHandler 00000040

Symbol: T32_INT2_IRQHandler
   Definitions
      At line 322 in file Interrupts.s
   Uses
      At line 124 in file Interrupts.s
      At line 240 in file Interrupts.s

T32_INTC_IRQHandler 00000040

Symbol: T32_INTC_IRQHandler
   Definitions
      At line 323 in file Interrupts.s
   Uses
      At line 125 in file Interrupts.s
      At line 241 in file Interrupts.s

TA0_0_IRQHandler 00000040

Symbol: TA0_0_IRQHandler
   Definitions
      At line 304 in file Interrupts.s
   Uses
      At line 106 in file Interrupts.s
      At line 222 in file Interrupts.s

TA0_N_IRQHandler 00000040

Symbol: TA0_N_IRQHandler
   Definitions
      At line 305 in file Interrupts.s
   Uses
      At line 107 in file Interrupts.s
      At line 223 in file Interrupts.s

TA1_0_IRQHandler 00000040

Symbol: TA1_0_IRQHandler
   Definitions
      At line 306 in file Interrupts.s
   Uses
      At line 108 in file Interrupts.s
      At line 224 in file Interrupts.s

TA1_N_IRQHandler 00000040

Symbol: TA1_N_IRQHandler
   Definitions
      At line 307 in file Interrupts.s
   Uses
      At line 109 in file Interrupts.s
      At line 225 in file Interrupts.s

TA2_0_IRQHandler 00000040




ARM Macro Assembler    Page 9 Alphabetic symbol ordering
Relocatable symbols

Symbol: TA2_0_IRQHandler
   Definitions
      At line 308 in file Interrupts.s
   Uses
      At line 110 in file Interrupts.s
      At line 226 in file Interrupts.s

TA2_N_IRQHandler 00000040

Symbol: TA2_N_IRQHandler
   Definitions
      At line 309 in file Interrupts.s
   Uses
      At line 111 in file Interrupts.s
      At line 227 in file Interrupts.s

TA3_0_IRQHandler 00000040

Symbol: TA3_0_IRQHandler
   Definitions
      At line 310 in file Interrupts.s
   Uses
      At line 112 in file Interrupts.s
      At line 228 in file Interrupts.s

TA3_N_IRQHandler 00000040

Symbol: TA3_N_IRQHandler
   Definitions
      At line 311 in file Interrupts.s
   Uses
      At line 113 in file Interrupts.s
      At line 229 in file Interrupts.s

UsageFault_Handler 00000008

Symbol: UsageFault_Handler
   Definitions
      At line 191 in file Interrupts.s
   Uses
      At line 86 in file Interrupts.s
      At line 192 in file Interrupts.s

WDT_A_IRQHandler 00000040

Symbol: WDT_A_IRQHandler
   Definitions
      At line 299 in file Interrupts.s
   Uses
      At line 101 in file Interrupts.s
      At line 217 in file Interrupts.s

main 00000094

Symbol: main
   Definitions
      At line 452 in file Interrupts.s
   Uses
      At line 81 in file Interrupts.s



ARM Macro Assembler    Page 10 Alphabetic symbol ordering
Relocatable symbols

      At line 450 in file Interrupts.s

60 symbols



ARM Macro Assembler    Page 1 Alphabetic symbol ordering
Relocatable symbols

DATA 00000000

Symbol: DATA
   Definitions
      At line 345 in file Interrupts.s
   Uses
      None
Comment: DATA unused
1 symbol



ARM Macro Assembler    Page 1 Alphabetic symbol ordering
Absolute symbols

Heap_Size 00000000

Symbol: Heap_Size
   Definitions
      At line 61 in file Interrupts.s
   Uses
      At line 65 in file Interrupts.s
Comment: Heap_Size used once
NVIC_ICER0 E000E180

Symbol: NVIC_ICER0
   Definitions
      At line 47 in file Interrupts.s
   Uses
      None
Comment: NVIC_ICER0 unused
NVIC_ICER1 E000E184

Symbol: NVIC_ICER1
   Definitions
      At line 48 in file Interrupts.s
   Uses
      None
Comment: NVIC_ICER1 unused
NVIC_IPR0 E000E400

Symbol: NVIC_IPR0
   Definitions
      At line 26 in file Interrupts.s
   Uses
      None
Comment: NVIC_IPR0 unused
NVIC_IPR1 E000E404

Symbol: NVIC_IPR1
   Definitions
      At line 27 in file Interrupts.s
   Uses
      None
Comment: NVIC_IPR1 unused
NVIC_IPR10 E000E428

Symbol: NVIC_IPR10
   Definitions
      At line 36 in file Interrupts.s
   Uses
      None
Comment: NVIC_IPR10 unused
NVIC_IPR11 E000E42C

Symbol: NVIC_IPR11
   Definitions
      At line 37 in file Interrupts.s
   Uses
      None
Comment: NVIC_IPR11 unused
NVIC_IPR12 E000E430

Symbol: NVIC_IPR12



ARM Macro Assembler    Page 2 Alphabetic symbol ordering
Absolute symbols

   Definitions
      At line 38 in file Interrupts.s
   Uses
      None
Comment: NVIC_IPR12 unused
NVIC_IPR13 E000E434

Symbol: NVIC_IPR13
   Definitions
      At line 39 in file Interrupts.s
   Uses
      None
Comment: NVIC_IPR13 unused
NVIC_IPR14 E000E438

Symbol: NVIC_IPR14
   Definitions
      At line 40 in file Interrupts.s
   Uses
      None
Comment: NVIC_IPR14 unused
NVIC_IPR15 E000E43C

Symbol: NVIC_IPR15
   Definitions
      At line 41 in file Interrupts.s
   Uses
      None
Comment: NVIC_IPR15 unused
NVIC_IPR2 E000E408

Symbol: NVIC_IPR2
   Definitions
      At line 28 in file Interrupts.s
   Uses
      None
Comment: NVIC_IPR2 unused
NVIC_IPR3 E000E40C

Symbol: NVIC_IPR3
   Definitions
      At line 29 in file Interrupts.s
   Uses
      None
Comment: NVIC_IPR3 unused
NVIC_IPR4 E000E410

Symbol: NVIC_IPR4
   Definitions
      At line 30 in file Interrupts.s
   Uses
      None
Comment: NVIC_IPR4 unused
NVIC_IPR5 E000E414

Symbol: NVIC_IPR5
   Definitions
      At line 31 in file Interrupts.s
   Uses



ARM Macro Assembler    Page 3 Alphabetic symbol ordering
Absolute symbols

      None
Comment: NVIC_IPR5 unused
NVIC_IPR6 E000E418

Symbol: NVIC_IPR6
   Definitions
      At line 32 in file Interrupts.s
   Uses
      None
Comment: NVIC_IPR6 unused
NVIC_IPR7 E000E41C

Symbol: NVIC_IPR7
   Definitions
      At line 33 in file Interrupts.s
   Uses
      None
Comment: NVIC_IPR7 unused
NVIC_IPR8 E000E420

Symbol: NVIC_IPR8
   Definitions
      At line 34 in file Interrupts.s
   Uses
      None
Comment: NVIC_IPR8 unused
NVIC_IPR9 E000E424

Symbol: NVIC_IPR9
   Definitions
      At line 35 in file Interrupts.s
   Uses
      None
Comment: NVIC_IPR9 unused
NVIC_ISER0 E000E100

Symbol: NVIC_ISER0
   Definitions
      At line 44 in file Interrupts.s
   Uses
      None
Comment: NVIC_ISER0 unused
NVIC_ISER1 E000E104

Symbol: NVIC_ISER1
   Definitions
      At line 45 in file Interrupts.s
   Uses
      At line 416 in file Interrupts.s
Comment: NVIC_ISER1 used once
P1DIR 40004C04

Symbol: P1DIR
   Definitions
      At line 7 in file Interrupts.s
   Uses
      At line 368 in file Interrupts.s
Comment: P1DIR used once
P1DS 40004C08



ARM Macro Assembler    Page 4 Alphabetic symbol ordering
Absolute symbols


Symbol: P1DS
   Definitions
      At line 11 in file Interrupts.s
   Uses
      None
Comment: P1DS unused
P1IE 40004C1A

Symbol: P1IE
   Definitions
      At line 21 in file Interrupts.s
   Uses
      At line 402 in file Interrupts.s
Comment: P1IE used once
P1IES 40004C18

Symbol: P1IES
   Definitions
      At line 19 in file Interrupts.s
   Uses
      At line 396 in file Interrupts.s
Comment: P1IES used once
P1IFG 40004C1C

Symbol: P1IFG
   Definitions
      At line 23 in file Interrupts.s
   Uses
      At line 264 in file Interrupts.s
Comment: P1IFG used once
P1IN 40004C00

Symbol: P1IN
   Definitions
      At line 3 in file Interrupts.s
   Uses
      None
Comment: P1IN unused
P1OUT 40004C02

Symbol: P1OUT
   Definitions
      At line 6 in file Interrupts.s
   Uses
      At line 389 in file Interrupts.s
Comment: P1OUT used once
P1REN 40004C06

Symbol: P1REN
   Definitions
      At line 9 in file Interrupts.s
   Uses
      At line 383 in file Interrupts.s
Comment: P1REN used once
P1SEL0 40004C0A

Symbol: P1SEL0
   Definitions



ARM Macro Assembler    Page 5 Alphabetic symbol ordering
Absolute symbols

      At line 13 in file Interrupts.s
   Uses
      None
Comment: P1SEL0 unused
P1SEL1 40004C0C

Symbol: P1SEL1
   Definitions
      At line 15 in file Interrupts.s
   Uses
      None
Comment: P1SEL1 unused
P1SELC 40004C16

Symbol: P1SELC
   Definitions
      At line 17 in file Interrupts.s
   Uses
      None
Comment: P1SELC unused
P2DIR 40004C05

Symbol: P2DIR
   Definitions
      At line 8 in file Interrupts.s
   Uses
      At line 438 in file Interrupts.s
Comment: P2DIR used once
P2DS 40004C09

Symbol: P2DS
   Definitions
      At line 12 in file Interrupts.s
   Uses
      None
Comment: P2DS unused
P2IE 40004C1B

Symbol: P2IE
   Definitions
      At line 22 in file Interrupts.s
   Uses
      None
Comment: P2IE unused
P2IES 40004C19

Symbol: P2IES
   Definitions
      At line 20 in file Interrupts.s
   Uses
      None
Comment: P2IES unused
P2IFG 40004C1D

Symbol: P2IFG
   Definitions
      At line 24 in file Interrupts.s
   Uses
      None



ARM Macro Assembler    Page 6 Alphabetic symbol ordering
Absolute symbols

Comment: P2IFG unused
P2IN 40004C01

Symbol: P2IN
   Definitions
      At line 4 in file Interrupts.s
   Uses
      None
Comment: P2IN unused
P2OUT 40004C03

Symbol: P2OUT
   Definitions
      At line 5 in file Interrupts.s
   Uses
      At line 265 in file Interrupts.s
      At line 466 in file Interrupts.s

P2REN 40004C07

Symbol: P2REN
   Definitions
      At line 10 in file Interrupts.s
   Uses
      None
Comment: P2REN unused
P2SEL0 40004C0B

Symbol: P2SEL0
   Definitions
      At line 14 in file Interrupts.s
   Uses
      None
Comment: P2SEL0 unused
P2SEL1 40004C0D

Symbol: P2SEL1
   Definitions
      At line 16 in file Interrupts.s
   Uses
      None
Comment: P2SEL1 unused
P2SELC 40004C17

Symbol: P2SELC
   Definitions
      At line 18 in file Interrupts.s
   Uses
      None
Comment: P2SELC unused
Stack_Size 00000200

Symbol: Stack_Size
   Definitions
      At line 50 in file Interrupts.s
   Uses
      At line 53 in file Interrupts.s
Comment: Stack_Size used once
__Vectors_Size 00000144



ARM Macro Assembler    Page 7 Alphabetic symbol ordering
Absolute symbols


Symbol: __Vectors_Size
   Definitions
      At line 165 in file Interrupts.s
   Uses
      At line 78 in file Interrupts.s
Comment: __Vectors_Size used once
45 symbols
454 symbols in table
