


ARM Macro Assembler    Page 1 


    1 00000000         ;.global main
    2 00000000         
    3 00000000                 AREA             |.text|, CODE, READONLY, ALIGN=
2
    4 00000000         ;    INCLUDE msp432.h
    5 00000000                 THUMB
    6 00000000         
    7 00000000         __main                               ; 
    8 00000000         
    9 00000000         _init                                ; Disable watchdog 
                                                            timer
   10 00000000         
   11 00000000         main                                 ; <Add your code he
                                                            re>
   12 00000000 F04F 000F       LDR              R0,=0x0000000F ;15 in hex
   13 00000004 F04F 0110       LDR              R1,=0x00000010 ;16 in hex
   14 00000008 F04F 020A       LDR              R2,=0x0000000A ;10 in hex
   15 0000000C B407            PUSH             {R0,R1,R2}
   16 0000000E F000 F803       BL               f
   17 00000012 BC08            POP              {R3}
   18 00000014 BC07            POP              {R0,R1,R2}
   19 00000016 E7FE    stop    B                stop
   20 00000018 4809    f       LDR              R0,=0x20000200
   21 0000001A F850 1C0C       LDR              R1,[R0,#-12]
   22 0000001E F850 2C08       LDR              R2,[R0,#-8]
   23 00000022 EB01 0302       ADD              R3,R1,R2
   24 00000026 F850 1C04       LDR              R1,[R0,#-4]
   25 0000002A EBA3 0301       SUB              R3,R3,R1
   26 0000002E F04F 0002       LDR              R0,=0x00000002
   27 00000032 FB03 F300       MUL              R3,R3,R0
   28 00000036 B408            PUSH             {R3}
   29 00000038 4770            BX               LR
   30 0000003A BF00            NOP
   31 0000003C         
   32 0000003C 46 6F 6F 
              00       str     DCB              "Foo",0
   33 00000040         
   34 00000040                 EXPORT           __main
   35 00000040                 EXPORT           main
   36 00000040                 END
              20000200 
Command Line: --debug --xref --diag_suppress=9931 --cpu=Cortex-M4.fp --apcs=int
erwork --depend=.\objects\template.d -o.\objects\template.o -I"C:\Users\Barak\D
ocuments\College\Fall 2016\Lab_2\RTE" -IC:\Keil_v5\ARM\PACK\ARM\CMSIS\5.0.0-Bet
a4\CMSIS\Include -IC:\Keil_v5\ARM\PACK\TexasInstruments\MSP432P4xx_DFP\2.2.1\De
vice\Include --predefine="__EVAL SETA 1" --predefine="__UVISION_VERSION SETA 52
1" --predefine="_RTE_ SETA 1" --predefine="__MSP432P401R__ SETA 1" --list=.\lis
tings\template.lst template.s



ARM Macro Assembler    Page 1 Alphabetic symbol ordering
Relocatable symbols

.text 00000000

Symbol: .text
   Definitions
      At line 3 in file template.s
   Uses
      None
Comment: .text unused
__main 00000000

Symbol: __main
   Definitions
      At line 7 in file template.s
   Uses
      At line 34 in file template.s
Comment: __main used once
_init 00000000

Symbol: _init
   Definitions
      At line 9 in file template.s
   Uses
      None
Comment: _init unused
f 00000018

Symbol: f
   Definitions
      At line 20 in file template.s
   Uses
      At line 16 in file template.s
Comment: f used once
main 00000000

Symbol: main
   Definitions
      At line 11 in file template.s
   Uses
      At line 35 in file template.s
Comment: main used once
stop 00000016

Symbol: stop
   Definitions
      At line 19 in file template.s
   Uses
      At line 19 in file template.s
Comment: stop used once
str 0000003C

Symbol: str
   Definitions
      At line 32 in file template.s
   Uses
      None
Comment: str unused
7 symbols
344 symbols in table
