


ARM Macro Assembler    Page 1 


    1 00000000         ;.global main
    2 00000000         
    3 00000000                 AREA             |.text|, CODE, READONLY, ALIGN=
2
    4 00000000         ;    INCLUDE msp432.h
    5 00000000                 THUMB
    6 00000000         
    7 00000000         ;stkptr      DCD 0x20000200
    8 00000000         
    9 00000000         __main                               ; Code entry
   10 00000000         
   11 00000000         _init                                ; Disable watchdog 
                                                            timer
   12 00000000         
   13 00000000         main                                 ; <Add your code he
                                                            re>
   14 00000000 4815            LDR              R0,=0x11223344
   15 00000002 4916            LDR              R1,=0x44332211
   16 00000004 F04F 0202       LDR              R2,=0x00000002
   17 00000008 F04F 030A       LDR              R3,=0x0000000A
   18 0000000C B50F            PUSH             {R0,R1,R2,R3,LR}
   19 0000000E F000 F804       BL               Math1
   20 00000012 BC10            POP              {R4}
   21 00000014 E8BD 400F       POP              {R0,R1,R2,R3,LR}
   22 00000018 E7FE    stop    B                stop
   23 0000001A 4811    Math1   LDR              R0,=0x20000200
   24 0000001C F850 1C14       LDR              R1,[R0,#-20]
   25 00000020 F850 2C10       LDR              R2,[R0,#-16]
   26 00000024 EB01 0402       ADD              R4,R1,R2
   27 00000028 B410            PUSH             {R4}
   28 0000002A B500            PUSH             {LR}
   29 0000002C F000 F803       BL               Math2
   30 00000030 E8BD 4020       POP              {R5,LR}
   31 00000034 4770            BX               LR
   32 00000036 480A    Math2   LDR              R0,=0x20000200
   33 00000038 F850 1C18       LDR              R1,[R0,#-24]
   34 0000003C F850 2C0C       LDR              R2,[R0,#-12]
   35 00000040 F850 3C08       LDR              R3,[R0,#-8]
   36 00000044 FB01 F402       MUL              R4,R1,R2
   37 00000048 FBB4 F5F3       UDIV             R5,R4,R3
   38 0000004C B420            PUSH             {R5}
   39 0000004E 4770            BX               LR
   40 00000050         
   41 00000050 BF00            NOP
   42 00000052         
   43 00000052 46 6F 6F 
              00       str     DCB              "Foo",0
   44 00000056         
   45 00000056                 EXPORT           __main
   46 00000056                 EXPORT           main
   47 00000056                 END
              00 00 11223344 
              44332211 
              20000200 
Command Line: --debug --xref --diag_suppress=9931 --cpu=Cortex-M4.fp --apcs=int
erwork --depend=.\objects\template.d -o.\objects\template.o -I"Z:\Desktop\Colle
ge\MCS Lab\Lab_2\Lab_2\RTE" -IC:\Keil_v5\ARM\PACK\ARM\CMSIS\5.0.0-Beta4\CMSIS\I
nclude -IC:\Keil_v5\ARM\PACK\TexasInstruments\MSP432P4xx_DFP\2.2.0\Device\Inclu
de --predefine="__EVAL SETA 1" --predefine="__UVISION_VERSION SETA 520" --prede



ARM Macro Assembler    Page 2 


fine="_RTE_ SETA 1" --predefine="__MSP432P401R__ SETA 1" --list=.\listings\temp
late.lst template.s



ARM Macro Assembler    Page 1 Alphabetic symbol ordering
Relocatable symbols

.text 00000000

Symbol: .text
   Definitions
      At line 3 in file template.s
   Uses
      None
Comment: .text unused
Math1 0000001A

Symbol: Math1
   Definitions
      At line 23 in file template.s
   Uses
      At line 19 in file template.s
Comment: Math1 used once
Math2 00000036

Symbol: Math2
   Definitions
      At line 32 in file template.s
   Uses
      At line 29 in file template.s
Comment: Math2 used once
__main 00000000

Symbol: __main
   Definitions
      At line 9 in file template.s
   Uses
      At line 45 in file template.s
Comment: __main used once
_init 00000000

Symbol: _init
   Definitions
      At line 11 in file template.s
   Uses
      None
Comment: _init unused
main 00000000

Symbol: main
   Definitions
      At line 13 in file template.s
   Uses
      At line 46 in file template.s
Comment: main used once
stop 00000018

Symbol: stop
   Definitions
      At line 22 in file template.s
   Uses
      At line 22 in file template.s
Comment: stop used once
str 00000052

Symbol: str



ARM Macro Assembler    Page 2 Alphabetic symbol ordering
Relocatable symbols

   Definitions
      At line 43 in file template.s
   Uses
      None
Comment: str unused
8 symbols
345 symbols in table
